Library Management System v1.0
Application Log for 09-12-2020


09/12/2020 01:25:28 PM Log Writer Initialized
09/12/2020 01:25:28 PM Attempting Log Management
09/12/2020 01:25:28 PM Old Log 'Log 07-12-2020.log' found. Moving to 'Logs' folder
09/12/2020 01:25:28 PM Moved successfully

09/12/2020 01:25:28 PM Login initialized with dBaseLocation: D:\SLTC\Semester 04\Software Engineering project\Assignments\Assignment Main\My Work\Database\LMS.accdb, table: Book_Issues
09/12/2020 01:25:28 PM getData called with no parameters
09/12/2020 01:25:28 PM Data returned
09/12/2020 01:26:00 PM Checkout for User: 4, Book: 6
09/12/2020 01:26:01 PM Book borrowed
09/12/2020 01:26:04 PM getData called with no parameters
09/12/2020 01:26:04 PM Data returned

09/12/2020 10:53:36 PM Log Writer Initialized
09/12/2020 10:53:36 PM Attempting Log Management

09/12/2020 10:53:36 PM Login initialized with dBaseLocation: D:\SLTC\Semester 04\Software Engineering project\Assignments\Assignment Main\My Work\Database\LMS.accdb, table: Book_Issues
09/12/2020 10:53:37 PM getData called with no parameters
09/12/2020 10:53:37 PM Data returned
09/12/2020 10:53:41 PM Return checkout for bookID 4
09/12/2020 10:53:41 PM Successfully returned
09/12/2020 10:53:41 PM Successfully returned

09/12/2020 10:54:27 PM Log Writer Initialized
09/12/2020 10:54:27 PM Attempting Log Management

09/12/2020 10:54:27 PM Login initialized with dBaseLocation: D:\SLTC\Semester 04\Software Engineering project\Assignments\Assignment Main\My Work\Database\LMS.accdb, table: Book_Issues
09/12/2020 10:54:27 PM getData called with no parameters
09/12/2020 10:54:27 PM Data returned
09/12/2020 10:54:33 PM Return checkout for bookID 4
09/12/2020 10:54:33 PM Successfully returned
09/12/2020 10:54:50 PM Return checkout for bookID 3
09/12/2020 10:54:50 PM Successfully returned
09/12/2020 10:55:00 PM Return checkout for bookID 1
09/12/2020 10:55:01 PM Failed. Error: There is no row at position 0.
09/12/2020 10:55:47 PM Return checkout for bookID 1
09/12/2020 10:55:47 PM Failed. Error: There is no row at position 0.
09/12/2020 10:55:50 PM Return checkout for bookID 2
09/12/2020 10:55:50 PM Failed. Error: There is no row at position 0.

09/12/2020 10:59:00 PM Log Writer Initialized
09/12/2020 10:59:00 PM Attempting Log Management

09/12/2020 10:59:00 PM Login initialized with dBaseLocation: D:\SLTC\Semester 04\Software Engineering project\Assignments\Assignment Main\My Work\Database\LMS.accdb, table: Book_Issues
09/12/2020 10:59:00 PM getData called with no parameters
09/12/2020 10:59:00 PM Data returned
09/12/2020 10:59:04 PM Return checkout for bookID 1
09/12/2020 10:59:04 PM Failed. Error: There is no row at position 0.
09/12/2020 10:59:20 PM Return checkout for bookID 4
09/12/2020 10:59:20 PM Successfully returned

09/12/2020 11:00:58 PM Log Writer Initialized
09/12/2020 11:00:58 PM Attempting Log Management

09/12/2020 11:00:58 PM Login initialized with dBaseLocation: D:\SLTC\Semester 04\Software Engineering project\Assignments\Assignment Main\My Work\Database\LMS.accdb, table: Book_Issues
09/12/2020 11:00:58 PM getData called with no parameters
09/12/2020 11:00:58 PM Data returned
09/12/2020 11:01:07 PM Return checkout for bookID 1
09/12/2020 11:01:07 PM Successfully returned
09/12/2020 11:01:11 PM Return checkout for bookID 4
09/12/2020 11:01:11 PM Successfully returned
09/12/2020 11:01:15 PM Return checkout for bookID 3
09/12/2020 11:01:15 PM Successfully returned
09/12/2020 11:01:20 PM Return checkout for bookID 6
09/12/2020 11:01:20 PM Successfully returned
09/12/2020 11:01:23 PM Return checkout for bookID 5
09/12/2020 11:01:23 PM Successfully returned

09/12/2020 11:01:49 PM Log Writer Initialized
09/12/2020 11:01:49 PM Attempting Log Management

09/12/2020 11:01:49 PM Login initialized with dBaseLocation: D:\SLTC\Semester 04\Software Engineering project\Assignments\Assignment Main\My Work\Database\LMS.accdb, table: Book_Issues
09/12/2020 11:01:49 PM getData called with no parameters
09/12/2020 11:01:49 PM Data returned
09/12/2020 11:01:54 PM Return checkout for bookID 4
09/12/2020 11:01:54 PM Return checkout for checkoutID 5
09/12/2020 11:01:55 PM Successfully returned
09/12/2020 11:01:55 PM Successfully returned

09/12/2020 11:02:00 PM Log Writer Initialized
09/12/2020 11:02:00 PM Attempting Log Management

09/12/2020 11:02:00 PM Login initialized with dBaseLocation: D:\SLTC\Semester 04\Software Engineering project\Assignments\Assignment Main\My Work\Database\LMS.accdb, table: Book_Issues
09/12/2020 11:02:00 PM getData called with no parameters
09/12/2020 11:02:00 PM Data returned